<?xml version="1.0" encoding="UTF-8"?>
<!-- Generated by org.testng.reporters.JUnitReportReporter -->
<testsuite hostname="DESKTOP-VLVFQQC" failures="0" tests="7" name="com.autobot.scripts.ConnectorsConnectionTest_3" time="1.468" errors="1" timestamp="2019-11-05T18:04:01 IST" skipped="6">
  <testcase classname="com.autobot.scripts.ConnectorsConnectionTest_3" name="Slack_5" time="0.000">
    <skipped/>
  </testcase> <!-- Slack_5 -->
  <testcase classname="com.autobot.scripts.ConnectorsConnectionTest_3" name="Drip_2" time="0.000">
    <skipped/>
  </testcase> <!-- Drip_2 -->
  <testcase classname="com.autobot.scripts.ConnectorsConnectionTest_3" name="ActiveCampaign_1" time="0.000">
    <skipped/>
  </testcase> <!-- ActiveCampaign_1 -->
  <testcase classname="com.autobot.scripts.ConnectorsConnectionTest_3" name="Twilio_4" time="0.000">
    <skipped/>
  </testcase> <!-- Twilio_4 -->
  <testcase classname="com.autobot.scripts.ConnectorsConnectionTest_3" name="setUp" time="1.468">
    <error message="session not created: This version of ChromeDriver only supports Chrome version 76
Build info: version: &#039;3.141.59&#039;, revision: &#039;e82be7d358&#039;, time: &#039;2018-11-14T08:25:53&#039;
System info: host: &#039;DESKTOP-VLVFQQC&#039;, ip: &#039;192.168.1.9&#039;, os.name: &#039;Windows 10&#039;, os.arch: &#039;amd64&#039;, os.version: &#039;10.0&#039;, java.version: &#039;12.0.1&#039;
Driver info: driver.version: ChromeDriver
remote stacktrace: Backtrace:
	Ordinal0 [0x01027C53+1473619]
	Ordinal0 [0x00FAAD71+961905]
	Ordinal0 [0x00F342B3+475827]
	Ordinal0 [0x00ECF365+62309]
	Ordinal0 [0x00ECBC77+48247]
	Ordinal0 [0x00EE9149+168265]
	Ordinal0 [0x00EE8D1D+167197]
	Ordinal0 [0x00EE742B+160811]
	Ordinal0 [0x00ED0AE6+68326]
	Ordinal0 [0x00ED1BF0+72688]
	Ordinal0 [0x00ED1B89+72585]
	Ordinal0 [0x00FC4B37+1067831]
	GetHandleVerifier [0x010C6845+506677]
	GetHandleVerifier [0x010C65E0+506064]
	GetHandleVerifier [0x010CD188+533624]
	GetHandleVerifier [0x010C701A+508682]
	Ordinal0 [0x00FBC226+1032742]
	Ordinal0 [0x00FBC09F+1032351]
	Ordinal0 [0x00FC6A4B+1075787]
	Ordinal0 [0x00FC6BB3+1076147]
	Ordinal0 [0x00FC5B65+1071973]
	BaseThreadInitThunk [0x76526359+25]
	RtlGetAppContainerNamedObjectPath [0x77337B74+228]
	RtlGetAppContainerNamedObjectPath [0x77337B44+180]
" type="org.openqa.selenium.SessionNotCreatedException">
      <![CDATA[org.openqa.selenium.SessionNotCreatedException: session not created: This version of ChromeDriver only supports Chrome version 76
Build info: version: '3.141.59', revision: 'e82be7d358', time: '2018-11-14T08:25:53'
System info: host: 'DESKTOP-VLVFQQC', ip: '192.168.1.9', os.name: 'Windows 10', os.arch: 'amd64', os.version: '10.0', java.version: '12.0.1'
Driver info: driver.version: ChromeDriver
remote stacktrace: Backtrace:
Ordinal0 [0x01027C53+1473619]
Ordinal0 [0x00FAAD71+961905]
Ordinal0 [0x00F342B3+475827]
Ordinal0 [0x00ECF365+62309]
Ordinal0 [0x00ECBC77+48247]
Ordinal0 [0x00EE9149+168265]
Ordinal0 [0x00EE8D1D+167197]
Ordinal0 [0x00EE742B+160811]
Ordinal0 [0x00ED0AE6+68326]
Ordinal0 [0x00ED1BF0+72688]
Ordinal0 [0x00ED1B89+72585]
Ordinal0 [0x00FC4B37+1067831]
GetHandleVerifier [0x010C6845+506677]
GetHandleVerifier [0x010C65E0+506064]
GetHandleVerifier [0x010CD188+533624]
GetHandleVerifier [0x010C701A+508682]
Ordinal0 [0x00FBC226+1032742]
Ordinal0 [0x00FBC09F+1032351]
Ordinal0 [0x00FC6A4B+1075787]
Ordinal0 [0x00FC6BB3+1076147]
Ordinal0 [0x00FC5B65+1071973]
BaseThreadInitThunk [0x76526359+25]
RtlGetAppContainerNamedObjectPath [0x77337B74+228]
RtlGetAppContainerNamedObjectPath [0x77337B44+180]

at java.base/jdk.internal.reflect.NativeConstructorAccessorImpl.newInstance0(Native Method)
at java.base/jdk.internal.reflect.NativeConstructorAccessorImpl.newInstance(NativeConstructorAccessorImpl.java:62)
at java.base/jdk.internal.reflect.DelegatingConstructorAccessorImpl.newInstance(DelegatingConstructorAccessorImpl.java:45)
at java.base/java.lang.reflect.Constructor.newInstanceWithCaller(Constructor.java:500)
at java.base/java.lang.reflect.Constructor.newInstance(Constructor.java:481)
at org.openqa.selenium.remote.W3CHandshakeResponse.lambda$errorHandler$0(W3CHandshakeResponse.java:62)
at org.openqa.selenium.remote.HandshakeResponse.lambda$getResponseFunction$0(HandshakeResponse.java:30)
at org.openqa.selenium.remote.ProtocolHandshake.lambda$createSession$0(ProtocolHandshake.java:126)
at java.base/java.util.stream.ReferencePipeline$3$1.accept(ReferencePipeline.java:195)
at java.base/java.util.Spliterators$ArraySpliterator.tryAdvance(Spliterators.java:958)
at java.base/java.util.stream.ReferencePipeline.forEachWithCancel(ReferencePipeline.java:127)
at java.base/java.util.stream.AbstractPipeline.copyIntoWithCancel(AbstractPipeline.java:502)
at java.base/java.util.stream.AbstractPipeline.copyInto(AbstractPipeline.java:488)
at java.base/java.util.stream.AbstractPipeline.wrapAndCopyInto(AbstractPipeline.java:474)
at java.base/java.util.stream.FindOps$FindOp.evaluateSequential(FindOps.java:150)
at java.base/java.util.stream.AbstractPipeline.evaluate(AbstractPipeline.java:234)
at java.base/java.util.stream.ReferencePipeline.findFirst(ReferencePipeline.java:543)
at org.openqa.selenium.remote.ProtocolHandshake.createSession(ProtocolHandshake.java:128)
at org.openqa.selenium.remote.ProtocolHandshake.createSession(ProtocolHandshake.java:74)
at org.openqa.selenium.remote.HttpCommandExecutor.execute(HttpCommandExecutor.java:136)
at org.openqa.selenium.remote.service.DriverCommandExecutor.execute(DriverCommandExecutor.java:83)
at org.openqa.selenium.remote.RemoteWebDriver.execute(RemoteWebDriver.java:552)
at org.openqa.selenium.remote.RemoteWebDriver.startSession(RemoteWebDriver.java:213)
at org.openqa.selenium.remote.RemoteWebDriver.<init>(RemoteWebDriver.java:131)
at org.openqa.selenium.chrome.ChromeDriver.<init>(ChromeDriver.java:181)
at org.openqa.selenium.chrome.ChromeDriver.<init>(ChromeDriver.java:168)
at org.openqa.selenium.chrome.ChromeDriver.<init>(ChromeDriver.java:123)
at com.autobot.generics.BaseLib.setUp(BaseLib.java:29)
at java.base/jdk.internal.reflect.NativeMethodAccessorImpl.invoke0(Native Method)
at java.base/jdk.internal.reflect.NativeMethodAccessorImpl.invoke(NativeMethodAccessorImpl.java:62)
at java.base/jdk.internal.reflect.DelegatingMethodAccessorImpl.invoke(DelegatingMethodAccessorImpl.java:43)
at java.base/java.lang.reflect.Method.invoke(Method.java:567)
at org.testng.internal.MethodInvocationHelper.invokeMethod(MethodInvocationHelper.java:133)
at org.testng.internal.MethodInvocationHelper.invokeMethodConsideringTimeout(MethodInvocationHelper.java:62)
at org.testng.internal.ConfigInvoker.invokeConfigurationMethod(ConfigInvoker.java:340)
at org.testng.internal.ConfigInvoker.invokeConfigurations(ConfigInvoker.java:294)
at org.testng.internal.TestInvoker.runConfigMethods(TestInvoker.java:683)
at org.testng.internal.TestInvoker.invokeMethod(TestInvoker.java:510)
at org.testng.internal.TestInvoker.invokeTestMethod(TestInvoker.java:172)
at org.testng.internal.MethodRunner.runInSequence(MethodRunner.java:46)
at org.testng.internal.TestInvoker$MethodInvocationAgent.invoke(TestInvoker.java:804)
at org.testng.internal.TestInvoker.invokeTestMethods(TestInvoker.java:145)
at org.testng.internal.TestMethodWorker.invokeTestMethods(TestMethodWorker.java:146)
at org.testng.internal.TestMethodWorker.run(TestMethodWorker.java:128)
at java.base/java.util.ArrayList.forEach(ArrayList.java:1540)
at org.testng.TestRunner.privateRun(TestRunner.java:770)
at org.testng.TestRunner.run(TestRunner.java:591)
at org.testng.SuiteRunner.runTest(SuiteRunner.java:402)
at org.testng.SuiteRunner.runSequentially(SuiteRunner.java:396)
at org.testng.SuiteRunner.privateRun(SuiteRunner.java:355)
at org.testng.SuiteRunner.run(SuiteRunner.java:304)
at org.testng.SuiteRunnerWorker.runSuite(SuiteRunnerWorker.java:53)
at org.testng.SuiteRunnerWorker.run(SuiteRunnerWorker.java:96)
at org.testng.TestNG.runSuitesSequentially(TestNG.java:1180)
at org.testng.TestNG.runSuitesLocally(TestNG.java:1102)
at org.testng.TestNG.runSuites(TestNG.java:1032)
at org.testng.TestNG.run(TestNG.java:1000)
at org.testng.remote.AbstractRemoteTestNG.run(AbstractRemoteTestNG.java:115)
at org.testng.remote.RemoteTestNG.initAndRun(RemoteTestNG.java:251)
at org.testng.remote.RemoteTestNG.main(RemoteTestNG.java:77)
]]>
    </error>
  </testcase> <!-- setUp -->
  <testcase classname="com.autobot.scripts.ConnectorsConnectionTest_3" name="GoogleSpreadSheets_6" time="0.000">
    <skipped/>
  </testcase> <!-- GoogleSpreadSheets_6 -->
  <testcase classname="com.autobot.scripts.ConnectorsConnectionTest_3" name="ConvertKit_3" time="0.000">
    <skipped/>
  </testcase> <!-- ConvertKit_3 -->
</testsuite> <!-- com.autobot.scripts.ConnectorsConnectionTest_3 -->
