<?xml version="1.0" encoding="UTF-8"?>
<!-- Generated by org.testng.reporters.JUnitReportReporter -->
<testsuite hostname="DESKTOP-VLVFQQC" failures="0" tests="19" name="com.autobot.scripts.ActionTest_1" time="1471.526" errors="1" timestamp="2019-11-30T17:15:44 IST" skipped="0">
  <testcase classname="com.autobot.scripts.ActionTest_1" name="Drip_AddNewOrder_28" time="75.233"/>
  <testcase classname="com.autobot.scripts.ActionTest_1" name="WordPressAdvanced_CustomCallback_6" time="83.189">
    <error message="no such element: Unable to locate element: {&quot;method&quot;:&quot;css selector&quot;,&quot;selector&quot;:&quot;*[name=&#039;bwfan[0][data][callback_name]&#039;]&quot;}
  (Session info: chrome=78.0.3904.108)
For documentation on this error, please visit: https://www.seleniumhq.org/exceptions/no_such_element.html
Build info: version: &#039;3.141.59&#039;, revision: &#039;e82be7d358&#039;, time: &#039;2018-11-14T08:25:53&#039;
System info: host: &#039;DESKTOP-VLVFQQC&#039;, ip: &#039;192.168.1.9&#039;, os.name: &#039;Windows 10&#039;, os.arch: &#039;amd64&#039;, os.version: &#039;10.0&#039;, java.version: &#039;12.0.1&#039;
Driver info: org.openqa.selenium.chrome.ChromeDriver
Capabilities {acceptInsecureCerts: false, browserName: chrome, browserVersion: 78.0.3904.108, chrome: {chromedriverVersion: 78.0.3904.70 (edb9c9f3de024..., userDataDir: C:\Users\Admin\AppData\Loca...}, goog:chromeOptions: {debuggerAddress: localhost:63148}, javascriptEnabled: true, networkConnectionEnabled: false, pageLoadStrategy: normal, platform: XP, platformName: XP, proxy: Proxy(), setWindowRect: true, strictFileInteractability: false, timeouts: {implicit: 0, pageLoad: 300000, script: 30000}, unhandledPromptBehavior: dismiss and notify}
Session ID: 39e8e5c51d593320761e6ca66162c19f
*** Element info: {Using=name, value=bwfan[0][data][callback_name]}" type="org.openqa.selenium.NoSuchElementException">
      <![CDATA[org.openqa.selenium.NoSuchElementException: no such element: Unable to locate element: {"method":"css selector","selector":"*[name='bwfan[0][data][callback_name]']"}
  (Session info: chrome=78.0.3904.108)
For documentation on this error, please visit: https://www.seleniumhq.org/exceptions/no_such_element.html
Build info: version: '3.141.59', revision: 'e82be7d358', time: '2018-11-14T08:25:53'
System info: host: 'DESKTOP-VLVFQQC', ip: '192.168.1.9', os.name: 'Windows 10', os.arch: 'amd64', os.version: '10.0', java.version: '12.0.1'
Driver info: org.openqa.selenium.chrome.ChromeDriver
Capabilities {acceptInsecureCerts: false, browserName: chrome, browserVersion: 78.0.3904.108, chrome: {chromedriverVersion: 78.0.3904.70 (edb9c9f3de024..., userDataDir: C:\Users\Admin\AppData\Loca...}, goog:chromeOptions: {debuggerAddress: localhost:63148}, javascriptEnabled: true, networkConnectionEnabled: false, pageLoadStrategy: normal, platform: XP, platformName: XP, proxy: Proxy(), setWindowRect: true, strictFileInteractability: false, timeouts: {implicit: 0, pageLoad: 300000, script: 30000}, unhandledPromptBehavior: dismiss and notify}
Session ID: 39e8e5c51d593320761e6ca66162c19f
*** Element info: {Using=name, value=bwfan[0][data][callback_name]}
at java.base/jdk.internal.reflect.NativeConstructorAccessorImpl.newInstance0(Native Method)
at java.base/jdk.internal.reflect.NativeConstructorAccessorImpl.newInstance(NativeConstructorAccessorImpl.java:62)
at java.base/jdk.internal.reflect.DelegatingConstructorAccessorImpl.newInstance(DelegatingConstructorAccessorImpl.java:45)
at java.base/java.lang.reflect.Constructor.newInstanceWithCaller(Constructor.java:500)
at java.base/java.lang.reflect.Constructor.newInstance(Constructor.java:481)
at org.openqa.selenium.remote.http.W3CHttpResponseCodec.createException(W3CHttpResponseCodec.java:187)
at org.openqa.selenium.remote.http.W3CHttpResponseCodec.decode(W3CHttpResponseCodec.java:122)
at org.openqa.selenium.remote.http.W3CHttpResponseCodec.decode(W3CHttpResponseCodec.java:49)
at org.openqa.selenium.remote.HttpCommandExecutor.execute(HttpCommandExecutor.java:158)
at org.openqa.selenium.remote.service.DriverCommandExecutor.execute(DriverCommandExecutor.java:83)
at org.openqa.selenium.remote.RemoteWebDriver.execute(RemoteWebDriver.java:552)
at org.openqa.selenium.remote.RemoteWebDriver.findElement(RemoteWebDriver.java:323)
at org.openqa.selenium.remote.RemoteWebDriver.findElementByName(RemoteWebDriver.java:404)
at org.openqa.selenium.By$ByName.findElement(By.java:284)
at org.openqa.selenium.remote.RemoteWebDriver.findElement(RemoteWebDriver.java:315)
at com.autobot.pageobjects.ActionsMethods.selectActionCustomCallback_WordPressAdvanced(ActionsMethods.java:282)
at com.autobot.scripts.ActionTest_1.WordPressAdvanced_CustomCallback_6(ActionTest_1.java:74)
at java.base/jdk.internal.reflect.NativeMethodAccessorImpl.invoke0(Native Method)
at java.base/jdk.internal.reflect.NativeMethodAccessorImpl.invoke(NativeMethodAccessorImpl.java:62)
at java.base/jdk.internal.reflect.DelegatingMethodAccessorImpl.invoke(DelegatingMethodAccessorImpl.java:43)
at java.base/java.lang.reflect.Method.invoke(Method.java:567)
at org.testng.internal.MethodInvocationHelper.invokeMethod(MethodInvocationHelper.java:133)
at org.testng.internal.TestInvoker.invokeMethod(TestInvoker.java:584)
at org.testng.internal.TestInvoker.invokeTestMethod(TestInvoker.java:172)
at org.testng.internal.MethodRunner.runInSequence(MethodRunner.java:46)
at org.testng.internal.TestInvoker$MethodInvocationAgent.invoke(TestInvoker.java:804)
at org.testng.internal.TestInvoker.invokeTestMethods(TestInvoker.java:145)
at org.testng.internal.TestMethodWorker.invokeTestMethods(TestMethodWorker.java:146)
at org.testng.internal.TestMethodWorker.run(TestMethodWorker.java:128)
at java.base/java.util.ArrayList.forEach(ArrayList.java:1540)
at org.testng.TestRunner.privateRun(TestRunner.java:770)
at org.testng.TestRunner.run(TestRunner.java:591)
at org.testng.SuiteRunner.runTest(SuiteRunner.java:402)
at org.testng.SuiteRunner.runSequentially(SuiteRunner.java:396)
at org.testng.SuiteRunner.privateRun(SuiteRunner.java:355)
at org.testng.SuiteRunner.run(SuiteRunner.java:304)
at org.testng.SuiteRunnerWorker.runSuite(SuiteRunnerWorker.java:53)
at org.testng.SuiteRunnerWorker.run(SuiteRunnerWorker.java:96)
at org.testng.TestNG.runSuitesSequentially(TestNG.java:1180)
at org.testng.TestNG.runSuitesLocally(TestNG.java:1102)
at org.testng.TestNG.runSuites(TestNG.java:1032)
at org.testng.TestNG.run(TestNG.java:1000)
at org.testng.remote.AbstractRemoteTestNG.run(AbstractRemoteTestNG.java:115)
at org.testng.remote.RemoteTestNG.initAndRun(RemoteTestNG.java:251)
at org.testng.remote.RemoteTestNG.main(RemoteTestNG.java:77)
]]>
    </error>
  </testcase> <!-- WordPressAdvanced_CustomCallback_6 -->
  <testcase classname="com.autobot.scripts.ActionTest_1" name="Drip_AddSubscriberToCampaign_30" time="74.234"/>
  <testcase classname="com.autobot.scripts.ActionTest_1" name="WordPressAdvanced_Debug_7" time="75.973"/>
  <testcase classname="com.autobot.scripts.ActionTest_1" name="Slack_SendMsgToUser_35" time="74.428"/>
  <testcase classname="com.autobot.scripts.ActionTest_1" name="WordPressAdvanced_HttpPost_8" time="77.852"/>
  <testcase classname="com.autobot.scripts.ActionTest_1" name="Drip_UpdateCustomFieldsOfSubscriber_27" time="73.713"/>
  <testcase classname="com.autobot.scripts.ActionTest_1" name="Drip_AddSubscriberToWorkflow_31" time="74.311"/>
  <testcase classname="com.autobot.scripts.ActionTest_1" name="Drip_AddTags_29" time="75.148"/>
  <testcase classname="com.autobot.scripts.ActionTest_1" name="Woocommerce_AddOrderNote_2" time="74.107"/>
  <testcase classname="com.autobot.scripts.ActionTest_1" name="Slack_SendMsgToChannel_36" time="74.866"/>
  <testcase classname="com.autobot.scripts.ActionTest_1" name="Zapier_SendDataToZapier_9" time="79.625"/>
  <testcase classname="com.autobot.scripts.ActionTest_1" name="Drip_RemoveSubscriberFromWorkflow_33" time="74.322"/>
  <testcase classname="com.autobot.scripts.ActionTest_1" name="Woocommerce_ChangeOrderStatus_3" time="79.203"/>
  <testcase classname="com.autobot.scripts.ActionTest_1" name="Drip_RemoveSubscriberFromCampaign_32" time="74.110"/>
  <testcase classname="com.autobot.scripts.ActionTest_1" name="WordPress_SendEmail_5" time="99.181"/>
  <testcase classname="com.autobot.scripts.ActionTest_1" name="Woocommerce_CreateCoupon_1" time="75.281"/>
  <testcase classname="com.autobot.scripts.ActionTest_1" name="Drip_RemoveTags_34" time="75.280"/>
  <testcase classname="com.autobot.scripts.ActionTest_1" name="Woocommerce_RemoveCoupon_4" time="81.470"/>
</testsuite> <!-- com.autobot.scripts.ActionTest_1 -->
